Server started at http://172.16.2.213:8090
Server started at http://172.16.2.213:8090
[Mon Jan 10 2022 08:38:35 GMT-0300 (Hora oficial do Brasil)]
Request from 172.16.2.213
Initing scan process...
Something went wrong! Message: 1
Scan process finished. [] scanned items
Server started at http://172.16.2.213:8090
[Mon Jan 10 2022 08:41:43 GMT-0300 (Hora oficial do Brasil)]
Request from 172.16.2.213
Initing scan process...
Something went wrong! Message: 1
Scan process finished. [] scanned items
Server started at http://172.16.2.213:8090
[Mon Jan 10 2022 08:43:03 GMT-0300 (Hora oficial do Brasil)]
Request from 172.16.2.213
Initing scan process...
Something went wrong! Message: 1
Scan process finished. [] scanned items
Server started at http://172.16.2.213:8090
[Mon Jan 10 2022 08:44:49 GMT-0300 (Hora oficial do Brasil)]
Request from 172.16.2.213
Initing scan process...
Something went wrong! Message: 1
Scan process finished. [] scanned items
Server started at http://172.16.2.213:8090
Server started at http://172.16.2.213:8090
[Mon Jan 10 2022 08:49:18 GMT-0300 (Hora oficial do Brasil)]
Request from 172.16.2.213 - Someone
Initing scan process...
Something went wrong! Message: Ocorreu um erro em: OpenScanner 10003
[Mon Jan 10 2022 08:51:00 GMT-0300 (Hora oficial do Brasil)]
Request from 172.16.2.213 - Someone
Initing scan process...
Conectado a KODAK Scanner: S2000
Configuração de scanner realizada.
Escaneamento em processo...
Scan process finished. [0] scanned items
[Mon Jan 10 2022 08:53:59 GMT-0300 (Hora oficial do Brasil)]
Request from 172.16.2.213 - Someone
Initing scan process...
Conectado a KODAK Scanner: S2000
Configuração de scanner realizada.
Escaneamento em processo...
Scan process finished. [1] scanned items
[Mon Jan 10 2022 09:03:56 GMT-0300 (Hora oficial do Brasil)]
Request from 172.16.1.76 - Someone
Initing scan process...
Conectado a KODAK Scanner: S2000
Configuração de scanner realizada.
Escaneamento em processo...
Scan process finished. [1] scanned items
[Mon Jan 10 2022 09:13:42 GMT-0300 (Hora oficial do Brasil)]
Request from 172.16.1.76 - Someone
Initing scan process...
Conectado a KODAK Scanner: S2000
Configuração de scanner realizada.
Escaneamento em processo...
Scan process finished. [1] scanned items
[Mon Jan 10 2022 09:17:54 GMT-0300 (Hora oficial do Brasil)]
Request from 172.16.1.76 - Someone
Initing scan process...
Conectado a KODAK Scanner: S2000
Configuração de scanner realizada.
Escaneamento em processo...
Scan process finished. [1] scanned items
Server started at http://172.16.2.213:8090
[Mon Jan 10 2022 09:43:21 GMT-0300 (Hora oficial do Brasil)]
Request from 172.16.1.76 - Someone
Initing scan process...
Conectado a KODAK Scanner: S2000
Configuração de scanner realizada.
Escaneamento em processo...
Scan process finished. [1] scanned items
[Mon Jan 10 2022 09:44:54 GMT-0300 (Hora oficial do Brasil)]
Request from 172.16.1.76 - Someone
Initing scan process...
Conectado a KODAK Scanner: S2000
Configuração de scanner realizada.
Escaneamento em processo...
Scan process finished. [1] scanned items
[Mon Jan 10 2022 09:47:44 GMT-0300 (Hora oficial do Brasil)]
Request from 172.16.1.76 - Someone
Initing scan process...
Conectado a KODAK Scanner: S2000
Configuração de scanner realizada.
Escaneamento em processo...
Scan process finished. [1] scanned items
[Mon Jan 10 2022 10:15:39 GMT-0300 (Hora oficial do Brasil)]
Request from 172.16.1.76 - Someone
Initing scan process...
Conectado a KODAK Scanner: S2000
Configuração de scanner realizada.
Escaneamento em processo...
Scan process finished. [1] scanned items
[Mon Jan 10 2022 10:18:44 GMT-0300 (Hora oficial do Brasil)]
Request from 172.16.1.76 - Someone
Initing scan process...
Conectado a KODAK Scanner: S2000
Configuração de scanner realizada.
Escaneamento em processo...
Scan process finished. [1] scanned items
[Mon Jan 10 2022 10:39:24 GMT-0300 (Hora oficial do Brasil)]
Request from 172.16.1.76 - Someone
Initing scan process...
Conectado a KODAK Scanner: S2000
Configuração de scanner realizada.
Escaneamento em processo...
Scan process finished. [1] scanned items
Server started at http://172.16.2.213:8090
Server started at http://172.16.2.213:8090
[Mon Jan 10 2022 13:23:57 GMT-0300 (Hora oficial do Brasil)]
Request from 172.16.2.213 - Someone
Initing scan process...
Something went wrong! Message: Ocorreu um erro em: OpenScanner 10003
[Mon Jan 10 2022 13:24:41 GMT-0300 (Hora oficial do Brasil)]
Request from 172.16.2.213 - Someone
Initing scan process...
Conectado a KODAK Scanner: S2000
Configuração de scanner realizada.
Escaneamento em processo...
Scan process finished. [1] scanned items
Server started at http://172.16.2.213:8090
[Mon Jan 10 2022 13:28:17 GMT-0300 (Hora oficial do Brasil)]
Request from 172.16.2.213 - Someone
Initing scan process...
Conectado a KODAK Scanner: S2000
Configuração de scanner realizada.
Escaneamento em processo...
Scan process finished. [1] scanned items
[Mon Jan 10 2022 13:30:55 GMT-0300 (Hora oficial do Brasil)]
Request from 172.16.2.213 - Someone
Initing scan process...
Conectado a KODAK Scanner: S2000
Configuração de scanner realizada.
Escaneamento em processo...
Scan process finished. [1] scanned items
[Mon Jan 10 2022 14:15:37 GMT-0300 (Hora oficial do Brasil)]
Request from 172.16.2.213 - Someone
Initing scan process...
Conectado a KODAK Scanner: S2000
Configuração de scanner realizada.
Escaneamento em processo...
Scan process finished. [1] scanned items
[Mon Jan 10 2022 14:22:26 GMT-0300 (Hora oficial do Brasil)]
Request from 172.16.1.76 - Someone
Initing scan process...
Conectado a KODAK Scanner: S2000
Configuração de scanner realizada.
Escaneamento em processo...
Scan process finished. [1] scanned items
[Mon Jan 10 2022 14:28:08 GMT-0300 (Hora oficial do Brasil)]
Request from 172.16.1.76 - Someone
Initing scan process...
Conectado a KODAK Scanner: S2000
Configuração de scanner realizada.
Escaneamento em processo...
Scan process finished. [1] scanned items
[Mon Jan 10 2022 14:31:22 GMT-0300 (Hora oficial do Brasil)]
Request from 172.16.1.76 - Someone
Initing scan process...
Conectado a KODAK Scanner: S2000
Configuração de scanner realizada.
Escaneamento em processo...
Scan process finished. [0] scanned items
[Mon Jan 10 2022 14:32:20 GMT-0300 (Hora oficial do Brasil)]
Request from 172.16.1.76 - Someone
Initing scan process...
Conectado a KODAK Scanner: S2000
Configuração de scanner realizada.
Escaneamento em processo...
Scan process finished. [0] scanned items
[Mon Jan 10 2022 14:33:59 GMT-0300 (Hora oficial do Brasil)]
Request from 172.16.1.76 - Someone
Initing scan process...
Conectado a KODAK Scanner: S2000
Configuração de scanner realizada.
Escaneamento em processo...
Scan process finished. [0] scanned items
[Mon Jan 10 2022 14:34:41 GMT-0300 (Hora oficial do Brasil)]
Request from 172.16.1.76 - Someone
Initing scan process...
Conectado a KODAK Scanner: S2000
Configuração de scanner realizada.
Escaneamento em processo...
Scan process finished. [0] scanned items
[Mon Jan 10 2022 14:35:15 GMT-0300 (Hora oficial do Brasil)]
Request from 172.16.1.76 - Someone
Initing scan process...
Conectado a KODAK Scanner: S2000
Configuração de scanner realizada.
Escaneamento em processo...
Scan process finished. [0] scanned items
[Mon Jan 10 2022 14:35:55 GMT-0300 (Hora oficial do Brasil)]
Request from 172.16.1.76 - Someone
Initing scan process...
Conectado a KODAK Scanner: S2000
Configuração de scanner realizada.
Escaneamento em processo...
Scan process finished. [0] scanned items
[Mon Jan 10 2022 14:36:30 GMT-0300 (Hora oficial do Brasil)]
Request from 172.16.1.76 - Someone
Initing scan process...
Conectado a KODAK Scanner: S2000
Configuração de scanner realizada.
Escaneamento em processo...
Scan process finished. [0] scanned items
[Mon Jan 10 2022 14:37:03 GMT-0300 (Hora oficial do Brasil)]
Request from 172.16.1.76 - Someone
Initing scan process...
Conectado a KODAK Scanner: S2000
Configuração de scanner realizada.
Escaneamento em processo...
Scan process finished. [0] scanned items
[Mon Jan 10 2022 14:43:50 GMT-0300 (Hora oficial do Brasil)]
Request from 172.16.1.76 - Someone
Initing scan process...
Conectado a KODAK Scanner: S2000
Configuração de scanner realizada.
Escaneamento em processo...
Scan process finished. [0] scanned items
[Mon Jan 10 2022 14:44:20 GMT-0300 (Hora oficial do Brasil)]
Request from 172.16.1.76 - Someone
Initing scan process...
Conectado a KODAK Scanner: S2000
Configuração de scanner realizada.
Escaneamento em processo...
Scan process finished. [0] scanned items
[Mon Jan 10 2022 14:47:41 GMT-0300 (Hora oficial do Brasil)]
Request from 172.16.1.76 - Someone
Initing scan process...
Conectado a KODAK Scanner: S2000
Configuração de scanner realizada.
Escaneamento em processo...
Scan process finished. [0] scanned items
[Mon Jan 10 2022 15:10:40 GMT-0300 (Hora oficial do Brasil)]
Request from 172.16.2.213 - Someone
Initing scan process...
Conectado a KODAK Scanner: S2000
Configuração de scanner realizada.
Escaneamento em processo...
Scan process finished. [1] scanned items
[Mon Jan 10 2022 15:10:57 GMT-0300 (Hora oficial do Brasil)]
Request from 172.16.1.76 - [object Object]
Initing scan process...
Conectado a KODAK Scanner: S2000
Configuração de scanner realizada.
Escaneamento em processo...
Scan process finished. [0] scanned items
[Mon Jan 10 2022 15:17:25 GMT-0300 (Hora oficial do Brasil)]
Request from 172.16.2.213 - Someone
Initing scan process...
Conectado a KODAK Scanner: S2000
Configuração de scanner realizada.
Escaneamento em processo...
Scan process finished. [1] scanned items
[Mon Jan 10 2022 15:40:43 GMT-0300 (Hora oficial do Brasil)]
Request from 172.16.2.213 - Someone
Initing scan process...
Conectado a KODAK Scanner: S2000
Configuração de scanner realizada.
Escaneamento em processo...
Scan process finished. [1] scanned items
[Mon Jan 10 2022 15:49:30 GMT-0300 (Hora oficial do Brasil)]
Request from 172.16.2.213 - Someone
Initing scan process...
Conectado a KODAK Scanner: S2000
Configuração de scanner realizada.
Escaneamento em processo...
Scan process finished. [1] scanned items
[Mon Jan 10 2022 15:50:43 GMT-0300 (Hora oficial do Brasil)]
Request from 172.16.2.213 - Someone
Initing scan process...
Conectado a KODAK Scanner: S2000
Configuração de scanner realizada.
Escaneamento em processo...
Scan process finished. [1] scanned items
Server started at http://172.16.2.213:8090
[Mon Jan 10 2022 16:06:12 GMT-0300 (Hora oficial do Brasil)]
Request from 172.16.2.213 - Someone
Initing scan process...
Conectado a KODAK Scanner: S2000
Configuração de scanner realizada.
Escaneamento em processo...
Scan process finished. [3] scanned items
[Mon Jan 10 2022 16:15:58 GMT-0300 (Hora oficial do Brasil)]
Request from 172.16.2.213 - Someone
Initing scan process...
Conectado a KODAK Scanner: S2000
Configuração de scanner realizada.
Escaneamento em processo...
Scan process finished. [8] scanned items
[Mon Jan 10 2022 16:20:13 GMT-0300 (Hora oficial do Brasil)]
Request from 172.16.1.76 - [object Object]
Initing scan process...
Conectado a KODAK Scanner: S2000
Configuração de scanner realizada.
Escaneamento em processo...
Scan process finished. [0] scanned items
Server started at http://172.16.2.213:8090
[Mon Jan 10 2022 16:39:10 GMT-0300 (Hora oficial do Brasil)]
Request from 172.16.2.213 - Someone
Initing scan process...
Conectado a KODAK Scanner: S2000
Configuração de scanner realizada.
Escaneamento em processo...
Scan process finished. [8] scanned items
[Mon Jan 10 2022 16:43:56 GMT-0300 (Hora oficial do Brasil)]
Request from 172.16.2.213 - Someone
Initing scan process...
Conectado a KODAK Scanner: S2000
Configuração de scanner realizada.
Escaneamento em processo...
Scan process finished. [10] scanned items
[Mon Jan 10 2022 16:46:09 GMT-0300 (Hora oficial do Brasil)]
Request from 172.16.1.76 - Someone
Initing scan process...
Conectado a KODAK Scanner: S2000
Configuração de scanner realizada.
Escaneamento em processo...
Scan process finished. [0] scanned items
[Mon Jan 10 2022 16:48:32 GMT-0300 (Hora oficial do Brasil)]
Request from 172.16.2.213 - Someone
Initing scan process...
Conectado a KODAK Scanner: S2000
Configuração de scanner realizada.
Escaneamento em processo...
Scan process finished. [10] scanned items
[Mon Jan 10 2022 16:50:46 GMT-0300 (Hora oficial do Brasil)]
Request from 172.16.1.76 - Someone
Initing scan process...
Conectado a KODAK Scanner: S2000
Configuração de scanner realizada.
Escaneamento em processo...
Scan process finished. [10] scanned items
Server started at http://172.16.2.213:8090
[Mon Jan 10 2022 16:52:22 GMT-0300 (Hora oficial do Brasil)]
Server started at http://172.16.2.213:8090
[Mon Jan 10 2022 16:55:43 GMT-0300 (Hora oficial do Brasil)]
Server started at http://172.16.2.213:8090
[Mon Jan 10 2022 16:59:48 GMT-0300 (Hora oficial do Brasil)]
Request from 172.16.2.213 - Someone
Initing scan process...
Conectado a KODAK Scanner: S2000
Configuração de scanner realizada.
Escaneamento em processo...
[Mon Jan 10 2022 17:00:08 GMT-0300 (Hora oficial do Brasil)]
Request from 172.16.1.76 - Someone
Scan already in process. Rejecting...
[Mon Jan 10 2022 17:01:12 GMT-0300 (Hora oficial do Brasil)]
Request from 172.16.1.76 - Someone
Scan already in process. Rejecting...
Scan process finished. [45] scanned items
[Mon Jan 10 2022 17:03:23 GMT-0300 (Hora oficial do Brasil)]
Request from 172.16.1.76 - Someone
Initing scan process...
Conectado a KODAK Scanner: S2000
Configuração de scanner realizada.
Escaneamento em processo...
Scan process finished. [0] scanned items
[Mon Jan 10 2022 17:06:28 GMT-0300 (Hora oficial do Brasil)]
Request from 172.16.1.76 - Someone
Initing scan process...
Conectado a KODAK Scanner: S2000
Configuração de scanner realizada.
Escaneamento em processo...
Scan process finished. [0] scanned items
